2025-02-07 02:46:11 +0900   74942 execution.flow     INFO     Executing node bing_search_api. node run id: deaf856c-1d00-4855-a6b4-b77542da6382_bing_search_api_f39a640e-abee-4f04-9633-94dcbb31f71b
2025-02-07 02:46:11 +0900   74942 execution.flow     INFO     [bing_search_api in line None (index starts from 0)] stdout> --------------------------------------------------------------------------------
2025-02-07 02:46:11 +0900   74942 execution.flow     INFO     [bing_search_api in line None (index starts from 0)] stdout> 검색질의어: 삼성 전자 기업에 대한 2025년 동향 알려줘
2025-02-07 02:46:11 +0900   74942 execution.flow     INFO     [bing_search_api in line None (index starts from 0)] stdout> --------------------------------------------------------------------------------
2025-02-07 02:46:13 +0900   74942 execution.flow     INFO     [bing_search_api in line None (index starts from 0)] stdout> 검색키워드: 삼성전자 2025년 동향 + 삼성전자 2025년 계획 + 삼성전자 시장 전망 2025
2025-02-07 02:46:13 +0900   74942 execution.flow     INFO     [bing_search_api in line None (index starts from 0)] stdout> --------------------------------------------------------------------------------
2025-02-07 02:46:14 +0900   74942 execution.flow     INFO     [bing_search_api in line None (index starts from 0)] stdout> 검색결과: 2024 년 하반기 기준, 삼성전자의 주가는 7 만 원대 중후반에서 안정세를 보이고 있습니다. 이는 AI 반도체 및 첨단 공정 기술 개발에 대한 기대감과 글로벌 반도체 시장의 회복 전망이 반영된 결과입니다. 긍정적 요인. AI 반도체 수요 증가: AI와 클라우드 컴퓨팅의 성장으로 고성능 메모리 반도체 수요가 폭발적으로 증가하고 있습니다. 삼성전자는 이 분야에서 기술적 우위를 가지고 있어 수익성이 개선될 것으로 예상됩니다. 파운드리 사업 성장: 삼성전자는 TSMC와의 경쟁 속에서 첨단 공정 기술 개발을 가속화하고 있습니다. 3nm 공정이 상용화되면 시장 점유율 확대가 기대됩니다.
2025년 삼성전자 주가전망은 많은 투자자와 경제 전문가들 사이에서 큰 관심을 받고 있습니다. 삼성전자는 한국을 대표하는 글로벌 기술 기업으로, 반도체와 스마트폰 시장에서 중요한 역할을 하고 있습니다. 이번 포스트에서는 2025년 삼성전자 주가전망에 대한 다양한 요소를 분석하고, 투자 전략에 대해 자세히 설명하겠습니다. 2025년 삼성전자 주가 예측과 투자 전략을 알아보세요. 2025년 삼성전자의 주가 전망에 대한 투자자의 주요 관심사는 무엇인지 살펴보려고 해요. 기본적으로, 투자자들은 회사 실적, 기술 혁신, 글로벌 경제 상황, 그리고 경쟁사와의 비교 등에 큰 관심을 가지게 마련이죠.
삼성전자는 글로벌 반도체 및 전자 산업의 선두주자로서, 2025년 주가 전망에 대한 관심이 높습니다. 최근 시장 동향과 전문가 의견을 종합하여 삼성전자의 미래를 살펴보겠습니다. 1. 반도체 업황과 기술 경쟁력. 1. 반도체 업황과 기술 경쟁력. HBM 기술 격차 축소: 삼성전자는 HBM (고대역폭 메모리) 분야에서의 기술 격차를 줄이기 위해 노력하고 있습니다. 특히 2025년에는 HBM4에 적용될 1c 나노 기술 문제를 해결하여 기술 경쟁력을 강화할 것으로 예상됩니다. D램 사업 체질 개선: 중국 기업들의 추격에 대응하여, 삼성전자는 HBM 중심으로 D램 사업의 체질 개선을 추진하고 있습니다.
삼성전자는 최근 엔비디아에 대한 HBM(고대역폭 메모리) 공급 지연과 2024년 실적이 예상치를 밑돌면서 주가 하락을 겪고 있습니다. 이러한 상황을 고려하여 2025년 하반기 매출액과 영업이익을 예측해 보겠습니다. 매출액: 300조 9,000억 원영업이익: 32조 7,000억 원이는 전년 대비 매출은 소폭 증가했으나 ...
이 글에서는 삼성전자의 주요 실적 전망치, 투자 전략, 목표 주가를 중심으로 2025년 전망을 살펴보도록 하겠습니다. AI 반도체와 범용 (General Purpose) 반도체 간 수요 격차는 내년 (2025년)에도 이어질 것으로 보입니다. 글로벌 경기 침체나 불확실성에도 불구하고 AI 수요는 계속 커지고 있습니다. 존재하지 않는 이미지입니다. 특히 고성능 컴퓨팅 분야에서 AI 모델을 학습하고 처리하기 위해 고성능 메모리와 GPU가 필수적이므로, 관련 DRAM (HBM 등) 수요는 계속 확대될 전망입니다.
실적 개선 전망: 2025년 삼성전자의 추정 영업이익은 43조2000억 원 (전년 대비 21% 증가, 영업이익률 13.5%)으로 예상. 이는 2022년 실적과 유사한 수준. AI 메모리 중심 전략: 2025년 삼성전자의 메모리 전략은 AI와 고용량 서버 메모리 중심의 수익성 전략에 초점을 맞출 것으로 예상. HBM (High Bandwidth Memory) 매출이 D램 매출의 1/4을 차지할 것으로 전망되며, 이는 범용 D램 가격 하락을 일부 상쇄할 것으로 보임. 투자 전략 변화: 2025년 설비투자는 신규 증설보다 전환투자 및 후공정 중심으로 집중될 전망이며, 메모리 반도체 공급량은 제한적 수준에 그칠 것으로 예상.
이번 포스팅에서는 2024년 4분기 삼성전자 실적 전망을 비롯해 2025년 (회계연도 기준 FY25) 주가 흐름과 투자전략까지 살펴보겠습니다. 시장 전망치를 살펴보면 4분기 회사의 영업이익 전망치가 기존 9.9조 원에서 8.3조 원으로 하향 조정되었습니다. 이는 메모리 반도체 시장에서 PC와 모바일 부문의 재고가 여전히 과잉 상태이기 때문입니다. 재고를 소진하기 위해서는 추가 가격 인하 (ASP, Average Selling Price) 압박이 불가피하다는 분석이 반영된 결과입니다. 제품의 평균 판매 단가를 의미합니다.
오늘은 2025년 1월 삼성전자 주가가 어떨지 한번 전망해 보겠습니다. 삼성전자는 2024년 한 해 동안 주가가 약 31.79% 하락하며 투자자들의 우려를 샀습니다. 2023년 말 7만 8000원에서 2024년 말 5만 3200원으로 하락하였으며, 시가총액은 약 151조 원이 증발했습니다. 이러한 하락은 글로벌 반도체 시장의 경쟁 심화와 AI 반도체 분야에서의 경쟁력 약화 등이 주요 요인으로 작용했습니다. 특히, HBM (고대역폭 메모리) 분야에서의 기술 격차 축소와 공급 지연 우려가 주가 하락에 영향을 미쳤습니다. 2025년 1월 현재, 증권가에서는 삼성전자의 주가 전망에 대해 신중한 입장을 보이고 있습니다.
삼성전자의 주요 수익원인 반도체 사업은 2025년 주가 전망에서 가장 중요한 요소 중 하나로 꼽힙니다. 최근 몇 년간 경기 둔화와 공급망 문제로 인해 침체를 겪었지만, 2025년에는 여러 긍정적 요인들이 업황 회복을 이끌 가능성이 있습니다. 1. AI와 데이터센터 수요의 급증: AI 기반 서비스와 클라우드 컴퓨팅 기술 확산은 고성능 메모리 반도체 수요를 폭발적으로 증가시킬 것으로 보입니다. 특히, 차세대 데이터센터 구축이 삼성전자 실적 개선의 핵심 요인이 될 것입니다. 2. 전기차 및 IoT 시장의 성장: 전기차와 IoT 디바이스는 시스템 반도체와 같은 비메모리 분야에서도 높은 성장 잠재력을 보여줍니다.
2025년에는 고용량 서버 SSD, HBM4, 2나노 공정 기반 제품 등 첨단 기술력으로 시장 점유율을 확대할 전망입니다. AI 연산 기술 수요 급증과 자동차 전장용 반도체 시장의 확장 이 장기적인 성장 모멘텀을 제공합니다. 주요 증권사들은 삼성전자가 2025년에 150,000원 이상으로 주가가 상승할 가능성이 있다고 보고 있습니다. 이는 기술 리더십과 수익성 개선을 바탕으로 한 긍정적인 전망입니다. 삼성전자는 2024년부터 메모리 반도체 업황 회복과 AI 기술 선도력 으로 본격적인 실적 개선 국면에 접어들 전망입니다.
2025-02-07 02:46:14 +0900   74942 execution.flow     INFO     [bing_search_api in line None (index starts from 0)] stdout> --------------------------------------------------------------------------------
2025-02-07 02:46:17 +0900   74942 execution.flow     INFO     [bing_search_api in line None (index starts from 0)] stdout> 최종답변: 삼성전자의 2025년 동향에 대해 다음과 같이 정리할 수 있습니다.

1. **반도체 시장 회복**: AI와 클라우드 컴퓨팅의 수요가 폭발적으로 증가하면서 고성능 메모리 반도체에 대한 수요도 급증할 것으로 예상됩니다. 삼성전자는 이 분야에서 기술적 우위를 보유하고 있어 수익성 개선이 기대됩니다.

2. **파운드리 및 첨단 공정 기술**: 삼성전자는 TSMC와의 경쟁 속에서 첨단 공정 기술 개발에 박차를 가하고 있으며, 3nm 공정이 상용화되면 시장 점유율을 확대할 가능성이 높습니다.

3. **실적 전망**: 2025년 삼성전자의 영업이익은 약 43조2000억 원으로 예상되며, 이는 전년 대비 21% 증가할 것으로 보입니다. AI 메모리 중심 전략을 통해 수익성을 높일 계획입니다.

4. **산업 전환 및 투자 전략**: 2025년에는 부품 증설보다는 전환투자와 후공정 중심으로 설비 투자가 이루어질 것으로 전망됩니다. 메모리 반도체 공급량은 제한적으로 유지될 것으로 보이며, HBM(고대역폭 메모리) 기술 개발에 집중할 예정입니다.

5. **전반적인 시장 전망**: 여러 전문가들은 삼성전자의 주가가 150,000원 이상으로 상승할 가능성을 언급하며, 이는 기술 리더십과 지속적인 수익성 개선에 기반한 긍정적인 전망입니다.

결론적으로 삼성전자는 2025년에도 반도체 및 기술 혁신을 통해 성장을 이어갈 것으로 예상되며, AI와 데이터 센터 수요 증가가 실적 향상의 중요한 요인이 될 것입니다.
2025-02-07 02:46:17 +0900   74942 execution.flow     INFO     [bing_search_api in line None (index starts from 0)] stdout> --------------------------------------------------------------------------------
2025-02-07 02:46:17 +0900   74942 execution.flow     INFO     Node bing_search_api completes.
